2025-05-04 02:43:40,624 - integrated_trader - INFO - Service de calendrier de marché importé avec succès
2025-05-04 02:43:41,303 - integrated_trader - INFO - Marché ouvert: 10:30 ET
2025-05-04 02:43:41,304 - integrated_trader - INFO - Marché fermé: 8:30 ET
2025-05-04 02:43:41,304 - integrated_trader - INFO - Marché fermé: weekend (jour 5)
2025-05-04 02:43:41,305 - integrated_trader - ERROR - Erreur lors de la vérification de l'état du marché avec MarketCalendarService: Test exception
2025-05-04 02:43:41,305 - integrated_trader - INFO - Utilisation de la méthode alternative pour vérifier l'état du marché
2025-05-04 02:43:41,305 - integrated_trader - INFO - Marché fermé: weekend (jour 6)
2025-05-04 02:43:41,306 - integrated_trader - INFO - Démarrage du trading avec la commande: C:\Python\python.exe C:\Projects\MercurioAI\scripts\run_stock_daytrader_all.py --strategy ALL --duration continuous --refresh-symbols --auto-retrain --symbols BTC-USD,ETH-USD --max-symbols 10
2025-05-04 02:43:41,306 - integrated_trader - INFO - [TRADING] Démarrage du trading
2025-05-04 02:43:41,306 - integrated_trader - INFO - Session de trading terminée
2025-05-04 02:43:41,306 - integrated_trader - INFO - Démarrage de l'entraînement des modèles...
2025-05-04 02:43:41,306 - integrated_trader - INFO - Exécution de la commande: C:\Python\python.exe C:\Projects\MercurioAI\scripts\train_all_models.py --days 90 --include_stocks --include_crypto --top_assets 20
2025-05-04 02:43:41,308 - integrated_trader - INFO - Entraînement des modèles terminé avec succès
2025-05-04 02:43:41,308 - integrated_trader - INFO - [TRAINING] Entraînement terminé avec succès
2025-05-04 02:43:41,308 - integrated_trader - INFO - Démarrage de l'entraînement des modèles...
2025-05-04 02:43:41,308 - integrated_trader - INFO - Exécution de la commande: C:\Python\python.exe C:\Projects\MercurioAI\scripts\train_all_models.py --days 120 --symbols BTC-USD,ETH-USD,AAPL --use_gpu
2025-05-04 02:43:41,308 - integrated_trader - INFO - Entraînement des modèles terminé avec succès
2025-05-04 02:43:41,308 - integrated_trader - INFO - [TRAINING] Entraînement terminé avec succès
2025-05-04 02:43:41,311 - integrated_trader - INFO - MercurioAI - Système Intégré de Trading et Entraînement
2025-05-04 02:43:41,311 - integrated_trader - INFO - Stratégie: ALL
2025-05-04 02:43:41,311 - integrated_trader - INFO - Durée: continuous
2025-05-04 02:43:41,311 - integrated_trader - INFO - Auto-retrain pendant trading: False
2025-05-04 02:43:41,311 - integrated_trader - INFO - Auto-training pendant inactivité: True
2025-05-04 02:43:41,311 - integrated_trader - INFO - Intervalle d'entraînement: 24 heures
2025-05-04 02:43:41,312 - integrated_trader - INFO - Le marché est ouvert. Démarrage du trading...
2025-05-04 02:43:41,312 - integrated_trader - INFO - Programme terminé.
2025-05-04 02:43:41,313 - integrated_trader - INFO - MercurioAI - Système Intégré de Trading et Entraînement
2025-05-04 02:43:41,313 - integrated_trader - INFO - Stratégie: ALL
2025-05-04 02:43:41,313 - integrated_trader - INFO - Durée: continuous
2025-05-04 02:43:41,313 - integrated_trader - INFO - Auto-retrain pendant trading: False
2025-05-04 02:43:41,314 - integrated_trader - INFO - Auto-training pendant inactivité: True
2025-05-04 02:43:41,314 - integrated_trader - INFO - Intervalle d'entraînement: 24 heures
2025-05-04 02:43:41,314 - integrated_trader - INFO - Le marché est fermé.
2025-05-04 02:43:41,315 - integrated_trader - INFO - Période d'inactivité détectée. Démarrage de l'entraînement des modèles...
2025-05-04 02:43:41,315 - integrated_trader - INFO - Attente de 300 secondes avant la prochaine vérification...
2025-05-04 02:43:41,315 - integrated_trader - INFO - Programme terminé.
2025-05-04 02:43:41,374 - app.services.market_calendar - INFO - Service de calendrier de marché initialisé pour stock
2025-05-04 02:43:41,374 - app.services.market_calendar - INFO - Service de calendrier de marché initialisé pour crypto
2025-05-04 02:43:41,374 - app.services.market_calendar - INFO - Service de calendrier de marché initialisé pour stock
2025-05-04 02:43:41,374 - app.services.market_calendar - INFO - Service de calendrier de marché initialisé pour crypto
2025-05-04 02:43:41,375 - app.services.market_calendar - INFO - Service de calendrier de marché initialisé pour stock
2025-05-04 02:43:41,376 - app.services.market_calendar - INFO - Service de calendrier de marché initialisé pour stock
2025-05-04 02:43:41,376 - app.services.market_calendar - INFO - Service de calendrier de marché initialisé pour crypto
2025-05-04 02:43:41,376 - app.services.market_calendar - INFO - Service de calendrier de marché initialisé pour stock
2025-05-04 02:43:41,377 - app.services.market_calendar - INFO - Service de calendrier de marché initialisé pour stock
2025-05-04 02:43:41,377 - app.services.market_calendar - INFO - Service de calendrier de marché initialisé pour crypto
2025-05-04 02:43:41,377 - app.services.market_calendar - INFO - Service de calendrier de marché initialisé pour stock
2025-05-04 02:43:41,377 - app.services.market_calendar - INFO - Service de calendrier de marché initialisé pour stock
2025-05-04 02:43:41,378 - app.services.market_calendar - INFO - Service de calendrier de marché initialisé pour crypto
2025-05-04 02:43:41,378 - app.services.market_calendar - INFO - Service de calendrier de marché initialisé pour stock
2025-05-04 02:43:41,378 - app.services.market_calendar - INFO - Service de calendrier de marché initialisé pour stock
2025-05-04 02:43:41,378 - app.services.market_calendar - INFO - Service de calendrier de marché initialisé pour crypto
2025-05-04 02:43:41,379 - app.services.market_calendar - INFO - Service de calendrier de marché initialisé pour stock
2025-05-04 02:43:41,379 - app.services.market_calendar - INFO - Service de calendrier de marché initialisé pour crypto
2025-05-04 02:43:41,379 - app.services.market_calendar - INFO - Service de calendrier de marché initialisé pour stock
2025-05-04 02:43:41,379 - app.services.market_calendar - INFO - Service de calendrier de marché initialisé pour crypto
2025-05-04 02:43:41,380 - app.services.market_calendar - INFO - Service de calendrier de marché initialisé pour stock
2025-05-04 02:43:41,380 - app.services.market_calendar - INFO - Service de calendrier de marché initialisé pour crypto
2025-05-04 02:43:41,380 - app.services.market_calendar - INFO - Service de calendrier de marché initialisé pour stock
2025-05-04 02:43:41,380 - app.services.market_calendar - INFO - Service de calendrier de marché initialisé pour crypto
2025-05-04 02:43:41,380 - app.services.market_calendar - INFO - Service de calendrier de marché initialisé pour stock
2025-05-04 02:43:41,381 - app.services.market_calendar - INFO - Service de calendrier de marché initialisé pour stock
2025-05-04 02:43:41,381 - app.services.market_calendar - INFO - Service de calendrier de marché initialisé pour crypto
2025-05-04 02:43:41,381 - app.services.market_calendar - INFO - Service de calendrier de marché initialisé pour stock
2025-05-04 02:43:41,381 - app.services.market_calendar - INFO - Service de calendrier de marché initialisé pour stock
2025-05-04 02:43:41,381 - app.services.market_calendar - INFO - Service de calendrier de marché initialisé pour stock
